24.07.2002 15:52:56 - Пользователь: ESavitsky
24.07.2002 15:52:56 - 
24.07.2002 15:53:06 -  > project: initialization was completed
24.07.2002 15:53:06 - 
24.07.2002 15:53:06 - Проект: ТОиР АЭС
24.07.2002 15:53:06 - Версия: 1.0a
24.07.2002 15:53:06 - Сборка: 136
24.07.2002 15:53:06 - 
24.07.2002 15:53:06 -  > 
24.07.2002 15:53:06 -  > инициализация компилятора...
24.07.2002 15:53:07 -  > Ok
24.07.2002 15:53:07 -  > полная регенерация проекта...
24.07.2002 15:53:07 -  > Ok
24.07.2002 15:53:07 -  > компоновка библиотек...
24.07.2002 15:53:07 -  > compiler: build < about.pbl >
24.07.2002 15:53:07 -  > compiler: build < admingroup.pbl >
24.07.2002 15:53:08 -  > compiler: build < admingroup_del.pbl >
24.07.2002 15:53:08 -  > compiler: build < appdiagbrowsers.pbl >
24.07.2002 15:53:08 -  > compiler: build < appdiagcore.pbl >
24.07.2002 15:53:09 -  > compiler: build < au_api.pbl >
24.07.2002 15:53:10 -  > compiler: build < au_brw.pbl >
24.07.2002 15:53:10 -  > compiler: build < aubind.pbl >
24.07.2002 15:53:11 -  > compiler: build < aubind_nppm.pbl >
24.07.2002 15:53:12 -  > compiler: build < aubind_or8.pbl >
24.07.2002 15:53:12 -  > compiler: build < auselectxml.pbl >
24.07.2002 15:53:13 -  > compiler: build < baes_reports.pbl >
24.07.2002 15:53:13 -  > compiler: build < basebrw.pbl >
24.07.2002 15:53:13 -  > compiler: build < basedictionary.pbl >
24.07.2002 15:53:14 -  > compiler: build < buttons.pbl >
24.07.2002 15:53:14 -  > compiler: build < characteristik.pbl >
24.07.2002 15:53:15 -  > compiler: build < collection.pbl >
24.07.2002 15:53:16 -  > compiler: build < contextcopy.pbl >
24.07.2002 15:53:16 -  > compiler: build < contractor.pbl >
24.07.2002 15:53:16 -  > compiler: build < contrreqvaluechange.pbl >
24.07.2002 15:53:16 -  > compiler: build < convertingrule.pbl >
24.07.2002 15:53:17 -  > compiler: build < coolutils.pbl >
24.07.2002 15:53:17 -  > compiler: build < currency_eugene.pbl >
24.07.2002 15:53:17 -  > compiler: build < dataview.pbl >
24.07.2002 15:53:18 -  > compiler: build < dbconnect.pbl >
24.07.2002 15:53:19 -  > compiler: build < docgen.pbl >
24.07.2002 15:53:19 -  > compiler: build < doctext.pbl >
24.07.2002 15:53:19 -  > compiler: build < document_brw.pbl >
24.07.2002 15:53:20 -  > compiler: build < ds_dispname.pbl >
24.07.2002 15:53:20 -  > compiler: build < employee_edit_2.pbl >
24.07.2002 15:53:21 -  > compiler: build < eventhandling.pbl >
24.07.2002 15:53:21 -  > compiler: build < fh_date.pbl >
24.07.2002 15:53:22 -  > compiler: build < field_handlers.pbl >
24.07.2002 15:53:22 -  > compiler: build < findobject.pbl >
24.07.2002 15:53:23 -  > compiler: build < findobject_au.pbl >
24.07.2002 15:53:23 -  > compiler: build < findobject_document.pbl >
24.07.2002 15:53:23 -  > compiler: build < findobject_limit.pbl >
24.07.2002 15:53:24 -  > compiler: build < findobject_mtsneed.pbl >
24.07.2002 15:53:24 -  > compiler: build < findobject_mtsorder.pbl >
24.07.2002 15:53:25 -  > compiler: build < findobject_mtsrequest.pbl >
24.07.2002 15:53:25 -  > compiler: build < findobject_ng.pbl >
24.07.2002 15:53:25 -  > compiler: build < findobject_nppm.pbl >
24.07.2002 15:53:26 -  > compiler: build < findobject_toaction.pbl >
24.07.2002 15:53:27 -  > compiler: build < formmgr.pbl >
24.07.2002 15:53:27 -  > compiler: build < framework.pbl >
24.07.2002 15:53:32 -  > compiler: build < genorder.pbl >
24.07.2002 15:53:32 -  > compiler: build < groupmonster.pbl >
24.07.2002 15:53:33 -  > compiler: build < handbook_maint.pbl >
24.07.2002 15:53:33 -  > compiler: build < hyperlink.pbl >
24.07.2002 15:53:33 -  > compiler: build < initapp.pbl >
24.07.2002 15:53:33 -  > compiler: build < isuser.pbl >
24.07.2002 15:53:34 -  > compiler: build < isuser_or8.pbl >
24.07.2002 15:53:34 -  > compiler: build < layout.pbl >
24.07.2002 15:53:35 -  > compiler: build < liability_zone.pbl >
24.07.2002 15:53:35 -  > compiler: build < limits.pbl >
24.07.2002 15:53:36 -  > compiler: build < linkedobjects.pbl >
24.07.2002 15:53:36 -  > compiler: build < linkedobjects_ds.pbl >
24.07.2002 15:53:39 -  > compiler: build < master_stend.pbl >
24.07.2002 15:53:39 -  > compiler: build < me.pbl >
24.07.2002 15:53:40 -  > compiler: build < mm_actions.pbl >
24.07.2002 15:53:40 -  > compiler: build < mmbrowsers.pbl >
24.07.2002 15:53:41 -  > compiler: build < mmbrwdef.pbl >
24.07.2002 15:53:42 -  > compiler: build < mmhandlers.pbl >
24.07.2002 15:53:42 -  > compiler: build < mmhandlersdb.pbl >
24.07.2002 15:53:42 -  > compiler: build < mmrepository.pbl >
24.07.2002 15:53:43 -  > compiler: build < mmselectmme.pbl >
24.07.2002 15:53:43 -  > compiler: build < mmselectmme_or8.pbl >
24.07.2002 15:53:43 -  > compiler: build < mmshell.pbl >
24.07.2002 15:53:44 -  > compiler: build < mmtools.pbl >
24.07.2002 15:53:44 -  > compiler: build < mov_shell.pbl >
24.07.2002 15:53:44 -  > compiler: build < moving.pbl >
24.07.2002 15:53:45 -  > compiler: build < moving_dict.pbl >
24.07.2002 15:53:45 -  > compiler: build < movingpage.pbl >
24.07.2002 15:53:46 -  > compiler: build < mts_actionhandlers.pbl >
24.07.2002 15:53:46 -  > compiler: build < mts_autoident.pbl >
24.07.2002 15:53:46 -  > compiler: build < mts_bind.pbl >
24.07.2002 15:53:47 -  > compiler: build < mts_description.pbl >
24.07.2002 15:53:47 -  > compiler: build < mts_descrmanager.pbl >
24.07.2002 15:53:48 -  > compiler: build < mts_dict.pbl >
24.07.2002 15:53:48 -  > compiler: build < mts_format.pbl >
24.07.2002 15:53:49 -  > compiler: build < mts_hash.pbl >
24.07.2002 15:53:49 -  > compiler: build < mts_measureconvert.pbl >
24.07.2002 15:53:50 -  > compiler: build < mts_notidentbrw.pbl >
24.07.2002 15:53:50 -  > compiler: build < mts_olddata.pbl >
24.07.2002 15:53:51 -  > compiler: build < mts_order.pbl >
24.07.2002 15:53:51 -  > compiler: build < mts_reports.pbl >
24.07.2002 15:53:53 -  > compiler: build < mts_selectmeasure.pbl >
24.07.2002 15:53:53 -  > compiler: build < mts_shell.pbl >
24.07.2002 15:53:54 -  > compiler: build < mts_support.pbl >
24.07.2002 15:53:54 -  > compiler: build < mtsdemand_forms.pbl >
24.07.2002 15:53:54 -  > compiler: build < mtsgroup.pbl >
24.07.2002 15:53:55 -  > compiler: build < mtsmanager.pbl >
24.07.2002 15:53:56 -  > compiler: build < mtsmeasure.pbl >
24.07.2002 15:53:57 -  > compiler: build < mtsneedlist.pbl >
24.07.2002 15:53:57 -  > compiler: build < mtsrequest.pbl >
24.07.2002 15:53:58 -  > compiler: build < mtsrequest_needpage.pbl >
24.07.2002 15:53:58 -  > compiler: build < navigator.pbl >
24.07.2002 15:53:59 -  > compiler: build < needdeliver.pbl >
24.07.2002 15:53:59 -  > compiler: build < nomenclature.pbl >
24.07.2002 15:53:59 -  > compiler: build < objectpool.pbl >
24.07.2002 15:54:00 -  > compiler: build < objectpool_nppm.pbl >
24.07.2002 15:54:00 -  > compiler: build < objectstate.pbl >
24.07.2002 15:54:01 -  > compiler: build < operationscripts.pbl >
24.07.2002 15:54:02 -  > compiler: build < operationscripts_or8.pbl >
24.07.2002 15:54:02 -  > compiler: build < paydirectbrw.pbl >
24.07.2002 15:54:02 -  > compiler: build < personroles.pbl >
24.07.2002 15:54:03 -  > compiler: build < popupmenuplus.pbl >
24.07.2002 15:54:03 -  > compiler: build < reportgenerator.pbl >
24.07.2002 15:54:05 -  > compiler: build < repositorymodel.pbl >
24.07.2002 15:54:06 -  > compiler: build < rescatedit.pbl >
24.07.2002 15:54:06 -  > compiler: build < resmgr.pbl >
24.07.2002 15:54:06 -  > compiler: build < rtf.pbl >
24.07.2002 15:54:07 -  > compiler: build < scripts.pbl >
24.07.2002 15:54:07 -  > compiler: build < scripts_or8.pbl >
24.07.2002 15:54:08 -  > compiler: build < searchabonent.pbl >
24.07.2002 15:54:08 -  > compiler: build < selectcategory.pbl >
24.07.2002 15:54:08 -  > compiler: build < selectcontractor.pbl >
24.07.2002 15:54:09 -  > compiler: build < selectdocument.pbl >
24.07.2002 15:54:09 -  > compiler: build < selecticon.pbl >
24.07.2002 15:54:09 -  > compiler: build < selectmts.pbl >
24.07.2002 15:54:10 -  > compiler: build < selectnomenclatgroup.pbl >
24.07.2002 15:54:10 -  > compiler: build < selectobject.pbl >
24.07.2002 15:54:10 -  > compiler: build < selectpaydirect.pbl >
24.07.2002 15:54:10 -  > compiler: build < selectworkplace.pbl >
24.07.2002 15:54:11 -  > compiler: build < shell4.pbl >
24.07.2002 15:54:13 -  > compiler: build < shell_do.pbl >
24.07.2002 15:54:14 -  > compiler: build < shell_ds.pbl >
24.07.2002 15:54:14 -  > compiler: build < shell_mov.pbl >
24.07.2002 15:54:14 -  > compiler: build < shell_mtsdemand.pbl >
24.07.2002 15:54:15 -  > compiler: build < shell_mtsorder.pbl >
24.07.2002 15:54:16 -  > compiler: build < shell_new.pbl >
24.07.2002 15:54:17 -  > compiler: build < shell_rescat.pbl >
24.07.2002 15:54:17 -  > compiler: build < shell_user.pbl >
24.07.2002 15:54:17 -  > compiler: build < shellctl4.pbl >
24.07.2002 15:54:19 -  > compiler: build < simpleau.pbl >
24.07.2002 15:54:19 -  > compiler: build < simpleau_shell.pbl >
24.07.2002 15:54:19 -  > compiler: build < spm_accessrightedit.pbl >
24.07.2002 15:54:20 -  > compiler: build < startuphandlers.pbl >
24.07.2002 15:54:20 -  > compiler: build < startuphandlers_ext.pbl >
24.07.2002 15:54:20 -  > compiler: build < stend.pbl >
24.07.2002 15:54:24 -  > compiler: build < synchro_easy.pbl >
24.07.2002 15:54:25 -  > compiler: build < systemrepository.pbl >
24.07.2002 15:54:26 -  > compiler: build < tam.pbl >
24.07.2002 15:54:26 -  > compiler: build < timetype.pbl >
24.07.2002 15:54:26 -  > compiler: build < toaction.pbl >
24.07.2002 15:54:28 -  > compiler: build < toaction_select.pbl >
24.07.2002 15:54:28 -  > compiler: build < tv_net.pbl >
24.07.2002 15:54:29 -  > compiler: build < tv_net_or8.pbl >
24.07.2002 15:54:30 -  > compiler: build < workplace.pbl >
24.07.2002 15:54:30 -  > compiler: build < workplace_brw.pbl >
24.07.2002 15:54:31 -  > compiler: build < xmlcore.pbl >
24.07.2002 15:54:31 -  > compiler: build < xmleditor.pbl >
24.07.2002 15:54:31 -  > compiler: link executable
24.07.2002 15:54:40 -  > compiler: that is all !
